<?xml version="1.0" encoding="UTF-8" ?>
<testsuite tests="22" failures="0" name="ISO2_C05.TestingP3.CuentaTest" time="0.02" errors="0" skipped="0">
  <properties>
[...]
</properties>
  <testcase classname="ISO2_C05.TestingP3.CuentaTest" name="CDP1" time="0.018"/>
  <testcase classname="ISO2_C05.TestingP3.CuentaTest" name="CDP2" time="0"/>
  <testcase classname="ISO2_C05.TestingP3.CuentaTest" name="CDP3" time="0"/>
  <testcase classname="ISO2_C05.TestingP3.CuentaTest" name="CDP4" time="0"/>
  <testcase classname="ISO2_C05.TestingP3.CuentaTest" name="CDP5" time="0"/>
  <testcase classname="ISO2_C05.TestingP3.CuentaTest" name="CDP6" time="0"/>
  <testcase classname="ISO2_C05.TestingP3.CuentaTest" name="CDP7" time="0"/>
  <testcase classname="ISO2_C05.TestingP3.CuentaTest" name="CDP8" time="0"/>
  <testcase classname="ISO2_C05.TestingP3.CuentaTest" name="CDP9" time="0"/>
  <testcase classname="ISO2_C05.TestingP3.CuentaTest" name="CDP11" time="0"/>
  <testcase classname="ISO2_C05.TestingP3.CuentaTest" name="CDP12" time="0"/>
  <testcase classname="ISO2_C05.TestingP3.CuentaTest" name="CDP13" time="0"/>
  <testcase classname="ISO2_C05.TestingP3.CuentaTest" name="CDP14" time="0"/>
  <testcase classname="ISO2_C05.TestingP3.CuentaTest" name="CDP15" time="0"/>
  <testcase classname="ISO2_C05.TestingP3.CuentaTest" name="CDP16" time="0.001"/>
  <testcase classname="ISO2_C05.TestingP3.CuentaTest" name="CDP17" time="0"/>
  <testcase classname="ISO2_C05.TestingP3.CuentaTest" name="CDP18" time="0"/>
  <testcase classname="ISO2_C05.TestingP3.CuentaTest" name="CDP19" time="0"/>
  <testcase classname="ISO2_C05.TestingP3.CuentaTest" name="CDP20" time="0"/>
  <testcase classname="ISO2_C05.TestingP3.CuentaTest" name="CDP21" time="0"/>
  <testcase classname="ISO2_C05.TestingP3.CuentaTest" name="CDP22" time="0"/>
  <testcase classname="ISO2_C05.TestingP3.CuentaTest" name="CDP24" time="0.001"/>
</testsuite>